0 verbose cli D:\nodejs\node.exe D:\nodejs\node_modules\npm\bin\npm-cli.js
1 info using npm@10.9.3
2 info using node@v22.20.0
3 silly config load:file:D:\nodejs\node_modules\npm\npmrc
4 silly config load:file:D:\cursor\project8  blog\Mizuki-master\.npmrc
5 silly config load:file:C:\Users\Arthur\.npmrc
6 silly config load:file:D:\nodejs\node_global\etc\npmrc
7 verbose title npm exec only-allow pnpm
8 verbose argv "exec" "--" "only-allow" "pnpm"
9 verbose logfile logs-max:10 dir:D:\cursor\project8  blog\Mizuki-master\.npm-cache\_logs\2025-11-16T07_12_06_494Z-
10 verbose logfile D:\cursor\project8  blog\Mizuki-master\.npm-cache\_logs\2025-11-16T07_12_06_494Z-debug-0.log
11 silly logfile done cleaning log files
12 silly packumentCache heap:4345298944 maxSize:1086324736 maxEntrySize:543162368
13 http fetch GET 200 https://registry.npmmirror.com/only-allow 168ms (cache revalidated)
14 silly packumentCache heap:4345298944 maxSize:1086324736 maxEntrySize:543162368
15 silly packumentCache heap:4345298944 maxSize:1086324736 maxEntrySize:543162368
16 verbose cwd D:\cursor\project8  blog\Mizuki-master
17 verbose os Windows_NT 10.0.22631
18 verbose node v22.20.0
19 verbose npm  v10.9.3
20 verbose exit 1
21 verbose code 1
